[2025-09-23 03:42:13,210] INFO in app: Received message from test: Hello
[2025-09-23 03:42:13,212] INFO in app: Bot response to test: Chào bạn! Tôi có thể giúp gì cho bạn về hóa đơn hôm nay?
[2025-09-24 19:20:02,889] INFO in app: Starting Hybrid AI Chatbot Service...
[2025-09-24 19:20:07,770] INFO in app: Starting Hybrid AI Chatbot Service...
[2025-09-24 19:31:37,846] INFO in app: Received message from anonymous: Tôi muốn tạo hóa đơn mới
[2025-09-24 19:31:46,020] INFO in app: Bot response to anonymous: Tôi hiểu bạn đang hỏi về "Tôi muốn tạo hóa đơn mới". Tuy nhiên, tôi cần thêm thông tin để trả lời ch...
[2025-09-24 19:38:36,344] INFO in app: Starting Hybrid AI Chatbot Service...
[2025-09-24 19:55:03,432] INFO in app: Received message from frontend_user: mở camera đi
[2025-09-24 19:55:11,618] INFO in app: Bot response to frontend_user: Tôi hiểu bạn đang hỏi về "mở camera đi". Tuy nhiên, tôi cần thêm thông tin để trả lời chính xác. Bạn...
[2025-09-24 19:55:22,905] INFO in app: Received message from frontend_user: mở ocr
[2025-09-24 19:55:31,078] INFO in app: Bot response to frontend_user: Tôi hiểu bạn đang hỏi về "mở ocr". Tuy nhiên, tôi cần thêm thông tin để trả lời chính xác. Bạn có th...
[2025-09-24 20:07:41,907] INFO in app: Starting Hybrid AI Chatbot Service...
[2025-09-24 20:08:44,614] INFO in app: Starting Hybrid AI Chatbot Service...
[2025-09-24 20:08:44,958] INFO in app: Starting Hybrid AI Chatbot Service...
[2025-09-24 20:08:49,496] INFO in app: Starting Hybrid AI Chatbot Service...
[2025-09-24 20:09:42,339] INFO in app: Received message from frontend_user: hãy mở camera
[2025-09-24 20:09:50,553] INFO in app: Bot response to frontend_user: Tôi hiểu bạn đang hỏi về "hãy mở camera". Tuy nhiên, tôi cần thêm thông tin để trả lời chính xác. Bạ...
[2025-09-24 20:15:48,386] INFO in app: Received message from anonymous: Xin chào AI!
[2025-09-24 20:15:56,591] INFO in app: Bot response to anonymous: Tôi hiểu bạn đang hỏi về "Xin chào AI!". Tuy nhiên, tôi cần thêm thông tin để trả lời chính xác. Bạn...
[2025-09-24 20:17:59,410] INFO in app: Starting Hybrid AI Chatbot Service...
[2025-09-24 20:17:59,787] INFO in app: Starting Hybrid AI Chatbot Service...
[2025-09-24 22:34:15,728] INFO in app: Starting Hybrid AI Chatbot Service...
[2025-09-24 22:34:20,673] INFO in app: Starting Hybrid AI Chatbot Service...
